<?xml version="1.0" encoding="UTF-8"?>
<!-- Generated by org.testng.reporters.JUnitXMLReporter -->
<testsuite ignored="0" hostname="LAPTOP-8QN8A84J" failures="0" tests="4" name="Default test" time="6.499" errors="0" timestamp="2024-02-05T00:16:29 IST">
  <testcase classname="Day1.HttpRequest" name="getUsers" time="3.543"/>
  <testcase classname="Day1.HttpRequest" name="putRequest" time="1.346"/>
  <testcase classname="Day1.HttpRequest" name="updateRequest" time="0.952"/>
  <testcase classname="Day1.HttpRequest" name="deleteRequest" time="0.603"/>
</testsuite> <!-- Default test -->
