<?xml version="1.0" encoding="UTF-8"?>
<testng-results ignored="0" total="4" passed="4" failed="0" skipped="0">
  <reporter-output>
  </reporter-output>
  <suite started-at="2024-02-05T00:16:23 IST" name="Default suite" finished-at="2024-02-05T00:16:29 IST" duration-ms="6499">
    <groups>
    </groups>
    <test started-at="2024-02-05T00:16:23 IST" name="Default test" finished-at="2024-02-05T00:16:29 IST" duration-ms="6499">
      <class name="Day1.HttpRequest">
        <test-method signature="getUsers()[pri:1, instance:Day1.HttpRequest@7bd4937b]" started-at="2024-02-05T00:16:23 IST" name="getUsers" finished-at="2024-02-05T00:16:26 IST" duration-ms="3543" status="PASS">
          <reporter-output>
          </reporter-output>
        </test-method> <!-- getUsers -->
        <test-method signature="putRequest()[pri:2, instance:Day1.HttpRequest@7bd4937b]" started-at="2024-02-05T00:16:26 IST" name="putRequest" finished-at="2024-02-05T00:16:28 IST" duration-ms="1346" status="PASS">
          <reporter-output>
          </reporter-output>
        </test-method> <!-- putRequest -->
        <test-method signature="updateRequest()[pri:3, instance:Day1.HttpRequest@7bd4937b]" started-at="2024-02-05T00:16:28 IST" name="updateRequest" finished-at="2024-02-05T00:16:29 IST" depends-on-methods="Day1.HttpRequest.putRequest" duration-ms="952" status="PASS">
          <reporter-output>
          </reporter-output>
        </test-method> <!-- updateRequest -->
        <test-method signature="deleteRequest()[pri:4, instance:Day1.HttpRequest@7bd4937b]" started-at="2024-02-05T00:16:29 IST" name="deleteRequest" finished-at="2024-02-05T00:16:29 IST" duration-ms="603" status="PASS">
          <reporter-output>
          </reporter-output>
        </test-method> <!-- deleteRequest -->
      </class> <!-- Day1.HttpRequest -->
    </test> <!-- Default test -->
  </suite> <!-- Default suite -->
</testng-results>
